<?xml version="1.0" encoding="UTF-8"?>
<testng-results ignored="0" total="1" passed="1" failed="0" skipped="0">
  <reporter-output>
  </reporter-output>
  <suite started-at="2024-03-28T17:54:23 IST" name="Suite" finished-at="2024-03-28T17:54:27 IST" duration-ms="3711">
    <groups>
    </groups>
    <test started-at="2024-03-28T17:54:23 IST" name="Test Basics 1" finished-at="2024-03-28T17:54:27 IST" duration-ms="3711">
      <class name="webapp.webapp.webTest">
        <test-method signature="validateLogin()[pri:0, instance:webapp.webapp.webTest@3e2e18f2]" started-at="2024-03-28T17:54:23 IST" name="validateLogin" finished-at="2024-03-28T17:54:27 IST" duration-ms="3670" status="PASS">
          <reporter-output>
          </reporter-output>
        </test-method> <!-- validateLogin -->
      </class> <!-- webapp.webapp.webTest -->
    </test> <!-- Test Basics 1 -->
  </suite> <!-- Suite -->
</testng-results>
