<?xml version="1.0" encoding="UTF-8"?>
<testng-results ignored="0" total="1" passed="1" failed="0" skipped="0">
  <reporter-output>
  </reporter-output>
  <suite started-at="2024-03-28T15:11:16 IST" name="Default suite" finished-at="2024-03-28T15:11:19 IST" duration-ms="2399">
    <groups>
    </groups>
    <test started-at="2024-03-28T15:11:16 IST" name="Default test" finished-at="2024-03-28T15:11:19 IST" duration-ms="2399">
      <class name="webapp.webapp.webTest">
        <test-method signature="validateLogin()[pri:0, instance:webapp.webapp.webTest@1bd4fdd]" started-at="2024-03-28T15:11:16 IST" name="validateLogin" finished-at="2024-03-28T15:11:19 IST" duration-ms="2359" status="PASS">
          <reporter-output>
          </reporter-output>
        </test-method> <!-- validateLogin -->
      </class> <!-- webapp.webapp.webTest -->
    </test> <!-- Default test -->
  </suite> <!-- Default suite -->
</testng-results>
